face_detector/android/app/build/intermediates/manifest_merge_blame_file/debug/manifest-merger-blame-debug-report.txt
1<?xml version="1.0" encoding="utf-8"?>
2<manifest xmlns:android="http://schemas.android.com/apk/res/android"
3    xmlns:dist="http://schemas.android.com/apk/distribution"
4    package="com.google.mediapipe.examples.facedetection"
5    android:versionCode="1"
6    android:versionName="1.0" >
7
8    <uses-sdk
9        android:minSdkVersion="24"
9-->src/main/AndroidManifest.xml
10        android:targetSdkVersion="33" />
10-->src/main/AndroidManifest.xml
11
12    <!-- Enable instant app support -->
13    <dist:module dist:instant="true" />
13-->src/main/AndroidManifest.xml:9:5-40
13-->src/main/AndroidManifest.xml:9:18-37
14
15    <!-- Declare features -->
16    <uses-feature android:name="android.hardware.camera" />
16-->src/main/AndroidManifest.xml:12:5-60
16-->src/main/AndroidManifest.xml:12:19-57
17
18    <!-- Declare permissions -->
19    <uses-permission android:name="android.permission.CAMERA" />
19-->src/main/AndroidManifest.xml:15:5-65
19-->src/main/AndroidManifest.xml:15:22-62
20
21    <!-- Although the *SdkVersion is captured in gradle build files, this is required for non gradle builds -->
22    <!-- <uses-sdk android:minSdkVersion="14"/> -->
23    <uses-permission android:name="android.permission.ACCESS_NETWORK_STATE" />
23-->[com.google.android.datatransport:transport-backend-cct:3.1.0] AndroidManifest.xml:25:5-79
23-->[com.google.android.datatransport:transport-backend-cct:3.1.0] AndroidManifest.xml:25:22-76
24    <uses-permission android:name="android.permission.INTERNET" />
24-->[com.google.android.datatransport:transport-backend-cct:3.1.0] AndroidManifest.xml:26:5-67
24-->[com.google.android.datatransport:transport-backend-cct:3.1.0] AndroidManifest.xml:26:22-64
25
26    <application
26-->src/main/AndroidManifest.xml:17:5-47:19
27        android:allowBackup="true"
27-->src/main/AndroidManifest.xml:21:9-35
28        android:appComponentFactory="androidx.core.app.CoreComponentFactory"
28-->[androidx.core:core:1.8.0] AndroidManifest.xml:24:18-86
29        android:debuggable="true"
30        android:extractNativeLibs="false"
31        android:icon="@mipmap/ic_launcher"
31-->src/main/AndroidManifest.xml:18:9-43
32        android:label="@string/app_name"
32-->src/main/AndroidManifest.xml:20:9-41
33        android:roundIcon="@mipmap/ic_launcher_round"
33-->src/main/AndroidManifest.xml:19:9-54
34        android:taskAffinity=""
34-->src/main/AndroidManifest.xml:22:9-32
35        android:testOnly="true" >
36        <activity
36-->src/main/AndroidManifest.xml:25:9-45:20
37            android:name="com.google.mediapipe.examples.facedetection.MainActivity"
37-->src/main/AndroidManifest.xml:26:13-41
38            android:clearTaskOnLaunch="true"
38-->src/main/AndroidManifest.xml:27:13-45
39            android:configChanges="orientation|screenLayout|screenSize|smallestScreenSize"
39-->src/main/AndroidManifest.xml:33:13-91
40            android:exported="true"
40-->src/main/AndroidManifest.xml:29:13-36
41            android:icon="@mipmap/ic_launcher"
41-->src/main/AndroidManifest.xml:30:13-47
42            android:resizeableActivity="true"
42-->src/main/AndroidManifest.xml:32:13-46
43            android:rotationAnimation="seamless"
43-->src/main/AndroidManifest.xml:31:13-49
44            android:theme="@style/AppTheme" >
44-->src/main/AndroidManifest.xml:28:13-44
45
46            <!-- Main app intent filter -->
47            <intent-filter>
47-->src/main/AndroidManifest.xml:37:13-40:29
48                <action android:name="android.intent.action.MAIN" />
48-->src/main/AndroidManifest.xml:38:17-69
48-->src/main/AndroidManifest.xml:38:25-66
49
50                <category android:name="android.intent.category.LAUNCHER" />
50-->src/main/AndroidManifest.xml:39:17-77
50-->src/main/AndroidManifest.xml:39:27-74
51            </intent-filter>
52
53            <!-- Declare notch support -->
54            <meta-data
54-->src/main/AndroidManifest.xml:43:13-83
55                android:name="android.notch_support"
55-->src/main/AndroidManifest.xml:43:24-60
56                android:value="true" />
56-->src/main/AndroidManifest.xml:43:61-81
57        </activity>
58
59        <service
59-->[androidx.camera:camera-camera2:1.1.0] AndroidManifest.xml:26:9-35:19
60            android:name="androidx.camera.core.impl.MetadataHolderService"
60-->[androidx.camera:camera-camera2:1.1.0] AndroidManifest.xml:27:13-75
61            android:enabled="false"
61-->[androidx.camera:camera-camera2:1.1.0] AndroidManifest.xml:28:13-36
62            android:exported="false" >
62-->[androidx.camera:camera-camera2:1.1.0] AndroidManifest.xml:29:13-37
63            <meta-data
63-->[androidx.camera:camera-camera2:1.1.0] AndroidManifest.xml:32:13-34:89
64                android:name="androidx.camera.core.impl.MetadataHolderService.DEFAULT_CONFIG_PROVIDER"
64-->[androidx.camera:camera-camera2:1.1.0] AndroidManifest.xml:33:17-103
65                android:value="androidx.camera.camera2.Camera2Config$DefaultProvider" />
65-->[androidx.camera:camera-camera2:1.1.0] AndroidManifest.xml:34:17-86
66        </service>
67
68        <uses-library
68-->[androidx.window:window:1.0.0-alpha09] AndroidManifest.xml:25:9-27:40
69            android:name="androidx.window.extensions"
69-->[androidx.window:window:1.0.0-alpha09] AndroidManifest.xml:26:13-54
70            android:required="false" />
70-->[androidx.window:window:1.0.0-alpha09] AndroidManifest.xml:27:13-37
71        <uses-library
71-->[androidx.window:window:1.0.0-alpha09] AndroidManifest.xml:28:9-30:40
72            android:name="androidx.window.sidecar"
72-->[androidx.window:window:1.0.0-alpha09] AndroidManifest.xml:29:13-51
73            android:required="false" />
73-->[androidx.window:window:1.0.0-alpha09] AndroidManifest.xml:30:13-37
74
75        <provider
75-->[androidx.lifecycle:lifecycle-process:2.4.0] AndroidManifest.xml:26:9-34:20
76            android:name="androidx.startup.InitializationProvider"
76-->[androidx.lifecycle:lifecycle-process:2.4.0] AndroidManifest.xml:27:13-67
77            android:authorities="com.google.mediapipe.examples.facedetection.androidx-startup"
77-->[androidx.lifecycle:lifecycle-process:2.4.0] AndroidManifest.xml:28:13-68
78            android:exported="false" >
78-->[androidx.lifecycle:lifecycle-process:2.4.0] AndroidManifest.xml:29:13-37
79            <meta-data
79-->[androidx.lifecycle:lifecycle-process:2.4.0] AndroidManifest.xml:31:13-33:52
80                android:name="androidx.lifecycle.ProcessLifecycleInitializer"
80-->[androidx.lifecycle:lifecycle-process:2.4.0] AndroidManifest.xml:32:17-78
81                android:value="androidx.startup" />
81-->[androidx.lifecycle:lifecycle-process:2.4.0] AndroidManifest.xml:33:17-49
82        </provider>
83
84        <service
84-->[com.google.android.datatransport:transport-backend-cct:3.1.0] AndroidManifest.xml:29:9-35:19
85            android:name="com.google.android.datatransport.runtime.backends.TransportBackendDiscovery"
85-->[com.google.android.datatransport:transport-backend-cct:3.1.0] AndroidManifest.xml:30:13-103
86            android:exported="false" >
86-->[com.google.android.datatransport:transport-backend-cct:3.1.0] AndroidManifest.xml:31:13-37
87            <meta-data
87-->[com.google.android.datatransport:transport-backend-cct:3.1.0] AndroidManifest.xml:32:13-34:39
88                android:name="backend:com.google.android.datatransport.cct.CctBackendFactory"
88-->[com.google.android.datatransport:transport-backend-cct:3.1.0] AndroidManifest.xml:33:17-94
89                android:value="cct" />
89-->[com.google.android.datatransport:transport-backend-cct:3.1.0] AndroidManifest.xml:34:17-36
90        </service>
91        <service
91-->[com.google.android.datatransport:transport-runtime:3.1.0] AndroidManifest.xml:26:9-30:19
92            android:name="com.google.android.datatransport.runtime.scheduling.jobscheduling.JobInfoSchedulerService"
92-->[com.google.android.datatransport:transport-runtime:3.1.0] AndroidManifest.xml:27:13-117
93            android:exported="false"
93-->[com.google.android.datatransport:transport-runtime:3.1.0] AndroidManifest.xml:28:13-37
94            android:permission="android.permission.BIND_JOB_SERVICE" >
94-->[com.google.android.datatransport:transport-runtime:3.1.0] AndroidManifest.xml:29:13-69
95        </service>
96
97        <receiver
97-->[com.google.android.datatransport:transport-runtime:3.1.0] AndroidManifest.xml:32:9-34:40
98            android:name="com.google.android.datatransport.runtime.scheduling.jobscheduling.AlarmManagerSchedulerBroadcastReceiver"
98-->[com.google.android.datatransport:transport-runtime:3.1.0] AndroidManifest.xml:33:13-132
99            android:exported="false" />
99-->[com.google.android.datatransport:transport-runtime:3.1.0] AndroidManifest.xml:34:13-37
100    </application>
101
102</manifest>